front1a: 147 R candidates (exact Q(sqrt2), slow path)
  [0/147] identity                     R=(1, 0, 0, 0)  total=  67  max_mult=8  edge4=  0  corner6=24  corner9+=0  (2.0s)
  [1/147] diag(1,1,1)_p1q5             R=(5, 1, 1, 1)  total= 643  max_mult=6  edge4=234  corner6=0  corner9+=0  (6.7s)
  [2/147] diag(1,1,1)_p-1q5            R=(5, -1, -1, -1)  total= 643  max_mult=6  edge4=234  corner6=0  corner9+=0  (6.6s)
  [3/147] diag(1,1,1)_p1q4             R=(4, 1, 1, 1)  total= 643  max_mult=6  edge4=240  corner6=0  corner9+=0  (6.7s)
  [4/147] diag(1,1,1)_p-1q4            R=(4, -1, -1, -1)  total= 643  max_mult=6  edge4=240  corner6=0  corner9+=0  (7.0s)
  [5/147] diag(1,1,1)_p1q3             R=(3, 1, 1, 1)  total= 361  max_mult=8  edge4=132  corner6=0  corner9+=0  (4.4s)
  [6/147] diag(1,1,1)_p-1q3            R=(3, -1, -1, -1)  total= 361  max_mult=8  edge4=132  corner6=0  corner9+=0  (4.4s)
  [7/147] diag(1,1,1)_p2q5             R=(5, 2, 2, 2)  total= 607  max_mult=6  edge4=240  corner6=0  corner9+=0  (7.1s)
  [8/147] diag(1,1,1)_p-2q5            R=(5, -2, -2, -2)  total= 607  max_mult=6  edge4=240  corner6=0  corner9+=0  (7.3s)
  [9/147] diag(1,1,1)_p1q2             R=(2, 1, 1, 1)  total= 643  max_mult=6  edge4=234  corner6=0  corner9+=0  (7.0s)
  [10/147] diag(1,1,1)_p-1q2            R=(2, -1, -1, -1)  total= 643  max_mult=6  edge4=234  corner6=0  corner9+=0  (7.2s)
  [11/147] diag(1,1,1)_p3q5             R=(5, 3, 3, 3)  total= 655  max_mult=6  edge4=240  corner6=0  corner9+=0  (7.3s)
  [12/147] diag(1,1,1)_p-3q5            R=(5, -3, -3, -3)  total= 655  max_mult=6  edge4=240  corner6=0  corner9+=0  (7.5s)
  [13/147] diag(1,1,1)_p2q3             R=(3, 2, 2, 2)  total= 631  max_mult=6  edge4=240  corner6=0  corner9+=0  (7.5s)
  [14/147] diag(1,1,1)_p-2q3            R=(3, -2, -2, -2)  total= 631  max_mult=6  edge4=240  corner6=0  corner9+=0  (7.6s)
  [15/147] diag(1,1,1)_p3q4             R=(4, 3, 3, 3)  total= 631  max_mult=6  edge4=240  corner6=0  corner9+=0  (7.6s)
  [16/147] diag(1,1,1)_p-3q4            R=(4, -3, -3, -3)  total= 631  max_mult=6  edge4=240  corner6=0  corner9+=0  (7.9s)
  [17/147] diag(1,1,1)_p4q5             R=(5, 4, 4, 4)  total= 631  max_mult=6  edge4=240  corner6=0  corner9+=0  (7.7s)
  [18/147] diag(1,1,1)_p-4q5            R=(5, -4, -4, -4)  total= 631  max_mult=6  edge4=240  corner6=0  corner9+=0  (7.9s)
  [19/147] diag(1,1,-1)_p1q5            R=(5, 1, 1, -1)  total= 643  max_mult=6  edge4=234  corner6=0  corner9+=0  (7.7s)
  [20/147] diag(1,1,-1)_p-1q5           R=(5, -1, -1, 1)  total= 643  max_mult=6  edge4=234  corner6=0  corner9+=0  (8.3s)
  [21/147] diag(1,1,-1)_p1q4            R=(4, 1, 1, -1)  total= 643  max_mult=6  edge4=240  corner6=0  corner9+=0  (8.7s)
  [22/147] diag(1,1,-1)_p-1q4           R=(4, -1, -1, 1)  total= 643  max_mult=6  edge4=240  corner6=0  corner9+=0  (8.2s)
  [23/147] diag(1,1,-1)_p1q3            R=(3, 1, 1, -1)  total= 361  max_mult=8  edge4=132  corner6=0  corner9+=0  (5.0s)
  [24/147] diag(1,1,-1)_p-1q3           R=(3, -1, -1, 1)  total= 361  max_mult=8  edge4=132  corner6=0  corner9+=0  (5.1s)
  [25/147] diag(1,1,-1)_p2q5            R=(5, 2, 2, -2)  total= 607  max_mult=6  edge4=240  corner6=0  corner9+=0  (9.3s)
  [26/147] diag(1,1,-1)_p-2q5           R=(5, -2, -2, 2)  total= 607  max_mult=6  edge4=240  corner6=0  corner9+=0  (8.6s)
  [27/147] diag(1,1,-1)_p1q2            R=(2, 1, 1, -1)  total= 643  max_mult=6  edge4=234  corner6=0  corner9+=0  (8.0s)
  [28/147] diag(1,1,-1)_p-1q2           R=(2, -1, -1, 1)  total= 643  max_mult=6  edge4=234  corner6=0  corner9+=0  (7.9s)
  [29/147] diag(1,1,-1)_p3q5            R=(5, 3, 3, -3)  total= 655  max_mult=6  edge4=240  corner6=0  corner9+=0  (8.4s)
  [30/147] diag(1,1,-1)_p-3q5           R=(5, -3, -3, 3)  total= 655  max_mult=6  edge4=240  corner6=0  corner9+=0  (10.7s)
  [31/147] diag(1,1,-1)_p2q3            R=(3, 2, 2, -2)  total= 631  max_mult=6  edge4=240  corner6=0  corner9+=0  (14.0s)
  [32/147] diag(1,1,-1)_p-2q3           R=(3, -2, -2, 2)  total= 631  max_mult=6  edge4=240  corner6=0  corner9+=0  (15.0s)
  [33/147] diag(1,1,-1)_p3q4            R=(4, 3, 3, -3)  total= 631  max_mult=6  edge4=240  corner6=0  corner9+=0  (15.1s)
  [34/147] diag(1,1,-1)_p-3q4           R=(4, -3, -3, 3)  total= 631  max_mult=6  edge4=240  corner6=0  corner9+=0  (16.5s)
  [35/147] diag(1,1,-1)_p4q5            R=(5, 4, 4, -4)  total= 631  max_mult=6  edge4=240  corner6=0  corner9+=0  (17.2s)
  [36/147] diag(1,1,-1)_p-4q5           R=(5, -4, -4, 4)  total= 631  max_mult=6  edge4=240  corner6=0  corner9+=0  (17.0s)
  [37/147] diag(1,-1,1)_p1q5            R=(5, 1, -1, 1)  total= 643  max_mult=6  edge4=234  corner6=0  corner9+=0  (16.1s)
  [38/147] diag(1,-1,1)_p-1q5           R=(5, -1, 1, -1)  total= 643  max_mult=6  edge4=234  corner6=0  corner9+=0  (16.1s)
  [39/147] diag(1,-1,1)_p1q4            R=(4, 1, -1, 1)  total= 643  max_mult=6  edge4=240  corner6=0  corner9+=0  (16.8s)
  [40/147] diag(1,-1,1)_p-1q4           R=(4, -1, 1, -1)  total= 643  max_mult=6  edge4=240  corner6=0  corner9+=0  (16.3s)
  [41/147] diag(1,-1,1)_p1q3            R=(3, 1, -1, 1)  total= 361  max_mult=8  edge4=132  corner6=0  corner9+=0  (11.0s)
  [42/147] diag(1,-1,1)_p-1q3           R=(3, -1, 1, -1)  total= 361  max_mult=8  edge4=132  corner6=0  corner9+=0  (10.7s)
  [43/147] diag(1,-1,1)_p2q5            R=(5, 2, -2, 2)  total= 607  max_mult=6  edge4=240  corner6=0  corner9+=0  (17.7s)
  [44/147] diag(1,-1,1)_p-2q5           R=(5, -2, 2, -2)  total= 607  max_mult=6  edge4=240  corner6=0  corner9+=0  (11.1s)
  [45/147] diag(1,-1,1)_p1q2            R=(2, 1, -1, 1)  total= 643  max_mult=6  edge4=234  corner6=0  corner9+=0  (11.5s)
  [46/147] diag(1,-1,1)_p-1q2           R=(2, -1, 1, -1)  total= 643  max_mult=6  edge4=234  corner6=0  corner9+=0  (11.8s)
  [47/147] diag(1,-1,1)_p3q5            R=(5, 3, -3, 3)  total= 655  max_mult=6  edge4=240  corner6=0  corner9+=0  (12.1s)
  [48/147] diag(1,-1,1)_p-3q5           R=(5, -3, 3, -3)  total= 655  max_mult=6  edge4=240  corner6=0  corner9+=0  (11.8s)
  [49/147] diag(1,-1,1)_p2q3            R=(3, 2, -2, 2)  total= 631  max_mult=6  edge4=240  corner6=0  corner9+=0  (14.9s)
  [50/147] diag(1,-1,1)_p-2q3           R=(3, -2, 2, -2)  total= 631  max_mult=6  edge4=240  corner6=0  corner9+=0  (14.0s)
  [51/147] diag(1,-1,1)_p3q4            R=(4, 3, -3, 3)  total= 631  max_mult=6  edge4=240  corner6=0  corner9+=0  (12.2s)
  [52/147] diag(1,-1,1)_p-3q4           R=(4, -3, 3, -3)  total= 631  max_mult=6  edge4=240  corner6=0  corner9+=0  (15.8s)
  [53/147] diag(1,-1,1)_p4q5            R=(5, 4, -4, 4)  total= 631  max_mult=6  edge4=240  corner6=0  corner9+=0  (14.3s)
  [54/147] diag(1,-1,1)_p-4q5           R=(5, -4, 4, -4)  total= 631  max_mult=6  edge4=240  corner6=0  corner9+=0  (15.7s)
  [55/147] diag(-1,1,1)_p1q5            R=(5, -1, 1, 1)  total= 643  max_mult=6  edge4=234  corner6=0  corner9+=0  (11.1s)
  [56/147] diag(-1,1,1)_p-1q5           R=(5, 1, -1, -1)  total= 643  max_mult=6  edge4=234  corner6=0  corner9+=0  (11.1s)
  [57/147] diag(-1,1,1)_p1q4            R=(4, -1, 1, 1)  total= 643  max_mult=6  edge4=240  corner6=0  corner9+=0  (11.5s)
  [58/147] diag(-1,1,1)_p-1q4           R=(4, 1, -1, -1)  total= 643  max_mult=6  edge4=240  corner6=0  corner9+=0  (12.2s)
  [59/147] diag(-1,1,1)_p1q3            R=(3, -1, 1, 1)  total= 361  max_mult=8  edge4=132  corner6=0  corner9+=0  (7.2s)
  [60/147] diag(-1,1,1)_p-1q3           R=(3, 1, -1, -1)  total= 361  max_mult=8  edge4=132  corner6=0  corner9+=0  (6.9s)
  [61/147] diag(-1,1,1)_p2q5            R=(5, -2, 2, 2)  total= 607  max_mult=6  edge4=240  corner6=0  corner9+=0  (11.4s)
  [62/147] diag(-1,1,1)_p-2q5           R=(5, 2, -2, -2)  total= 607  max_mult=6  edge4=240  corner6=0  corner9+=0  (11.6s)
  [63/147] diag(-1,1,1)_p1q2            R=(2, -1, 1, 1)  total= 643  max_mult=6  edge4=234  corner6=0  corner9+=0  (11.0s)
  [64/147] diag(-1,1,1)_p-1q2           R=(2, 1, -1, -1)  total= 643  max_mult=6  edge4=234  corner6=0  corner9+=0  (11.0s)
  [65/147] diag(-1,1,1)_p3q5            R=(5, -3, 3, 3)  total= 655  max_mult=6  edge4=240  corner6=0  corner9+=0  (10.7s)
  [66/147] diag(-1,1,1)_p-3q5           R=(5, 3, -3, -3)  total= 655  max_mult=6  edge4=240  corner6=0  corner9+=0  (10.9s)
  [67/147] diag(-1,1,1)_p2q3            R=(3, -2, 2, 2)  total= 631  max_mult=6  edge4=240  corner6=0  corner9+=0  (10.7s)
  [68/147] diag(-1,1,1)_p-2q3           R=(3, 2, -2, -2)  total= 631  max_mult=6  edge4=240  corner6=0  corner9+=0  (10.9s)
  [69/147] diag(-1,1,1)_p3q4            R=(4, -3, 3, 3)  total= 631  max_mult=6  edge4=240  corner6=0  corner9+=0  (11.3s)
  [70/147] diag(-1,1,1)_p-3q4           R=(4, 3, -3, -3)  total= 631  max_mult=6  edge4=240  corner6=0  corner9+=0  (12.0s)
  [71/147] diag(-1,1,1)_p4q5            R=(5, -4, 4, 4)  total= 631  max_mult=6  edge4=240  corner6=0  corner9+=0  (11.7s)
  [72/147] diag(-1,1,1)_p-4q5           R=(5, 4, -4, -4)  total= 631  max_mult=6  edge4=240  corner6=0  corner9+=0  (12.2s)
  [73/147] 90deg_x                      R=(1, 1, 0, 0)  total=  67  max_mult=8  edge4=  0  corner6=24  corner9+=0  (3.5s)
  [74/147] 90deg_y                      R=(1, 0, 1, 0)  total=  67  max_mult=8  edge4=  0  corner6=24  corner9+=0  (3.5s)
  [75/147] 90deg_z                      R=(1, 0, 0, 1)  total=  67  max_mult=8  edge4=  0  corner6=24  corner9+=0  (3.4s)
  [76/147] 180deg_edge(1, 1, 0)         R=(0, 1, 1, 0)  total=  67  max_mult=8  edge4=  0  corner6=24  corner9+=0  (3.5s)
  [77/147] 180deg_edge(1, -1, 0)        R=(0, 1, -1, 0)  total=  67  max_mult=8  edge4=  0  corner6=24  corner9+=0  (3.6s)
  [78/147] 180deg_edge(1, 0, 1)         R=(0, 1, 0, 1)  total=  67  max_mult=8  edge4=  0  corner6=24  corner9+=0  (3.6s)
  [79/147] 180deg_edge(1, 0, -1)        R=(0, 1, 0, -1)  total=  67  max_mult=8  edge4=  0  corner6=24  corner9+=0  (3.5s)
  [80/147] 180deg_edge(0, 1, 1)         R=(0, 0, 1, 1)  total=  67  max_mult=8  edge4=  0  corner6=24  corner9+=0  (3.4s)
  [81/147] 180deg_edge(0, 1, -1)        R=(0, 0, 1, -1)  total=  67  max_mult=8  edge4=  0  corner6=24  corner9+=0  (3.5s)
  [82/147] nearico_F6_p1q3              R=(3, 21, 13, 0)  total= 657  max_mult=4  edge4=168  corner6=0  corner9+=0  (13.2s)
  [83/147] nearico_F6_p1q2              R=(2, 21, 13, 0)  total= 649  max_mult=4  edge4=168  corner6=0  corner9+=0  (14.1s)
  [84/147] nearico_F6_p2q3              R=(3, 42, 26, 0)  total= 649  max_mult=4  edge4=168  corner6=0  corner9+=0  (14.7s)
  [85/147] nearico_F6_p1q1              R=(1, 21, 13, 0)  total= 649  max_mult=4  edge4=168  corner6=0  corner9+=0  (13.5s)
  [86/147] nearico_F6_p1q4              R=(4, 21, 13, 0)  total= 645  max_mult=4  edge4=168  corner6=0  corner9+=0  (14.0s)
  [87/147] nearico_F8_p1q3              R=(3, 55, 34, 0)  total= 649  max_mult=4  edge4=168  corner6=0  corner9+=0  (14.2s)
  [88/147] nearico_F8_p1q2              R=(2, 55, 34, 0)  total= 649  max_mult=4  edge4=168  corner6=0  corner9+=0  (14.7s)
  [89/147] nearico_F8_p2q3              R=(3, 110, 68, 0)  total= 649  max_mult=4  edge4=168  corner6=0  corner9+=0  (15.0s)
  [90/147] nearico_F8_p1q1              R=(1, 55, 34, 0)  total= 649  max_mult=4  edge4=168  corner6=0  corner9+=0  (27.0s)
  [91/147] nearico_F8_p1q4              R=(4, 55, 34, 0)  total= 649  max_mult=4  edge4=168  corner6=0  corner9+=0  (25.2s)
  [92/147] nearico_F10_p1q3             R=(3, 144, 89, 0)  total= 649  max_mult=4  edge4=168  corner6=0  corner9+=0  (20.5s)
  [93/147] nearico_F10_p1q2             R=(2, 144, 89, 0)  total= 649  max_mult=4  edge4=168  corner6=0  corner9+=0  (20.9s)
  [94/147] nearico_F10_p2q3             R=(3, 288, 178, 0)  total= 649  max_mult=4  edge4=168  corner6=0  corner9+=0  (20.9s)
  [95/147] nearico_F10_p1q1             R=(1, 144, 89, 0)  total= 649  max_mult=4  edge4=168  corner6=0  corner9+=0  (18.8s)
  [96/147] nearico_F10_p1q4             R=(4, 144, 89, 0)  total= 649  max_mult=4  edge4=168  corner6=0  corner9+=0  (19.8s)
  [97/147] random0                      R=(-25, 0, 24, 25)  total= 523  max_mult=8  edge4=144  corner6=0  corner9+=0  (14.8s)
  [98/147] random1                      R=(-9, -4, 12, 13)  total= 661  max_mult=5  edge4=130  corner6=0  corner9+=0  (18.1s)
  [99/147] random2                      R=(31, 13, 33, 30)  total= 691  max_mult=4  edge4=132  corner6=0  corner9+=0  (19.1s)
  [100/147] random3                      R=(22, 35, 16, -10)  total= 651  max_mult=4  edge4=132  corner6=0  corner9+=0  (19.8s)
  [101/147] random4                      R=(-20, 19, -15, -13)  total= 667  max_mult=4  edge4=132  corner6=0  corner9+=0  (20.4s)
  [102/147] random5                      R=(-4, -28, 17, -39)  total= 677  max_mult=4  edge4=132  corner6=0  corner9+=0  (14.3s)
  [103/147] random6                      R=(11, 0, -7, 5)  total= 661  max_mult=4  edge4=168  corner6=0  corner9+=0  (14.4s)
  [104/147] random7                      R=(-8, 4, 5, 8)  total= 649  max_mult=4  edge4=168  corner6=0  corner9+=0  (13.8s)
  [105/147] random8                      R=(25, -31, 3, -29)  total= 655  max_mult=4  edge4=132  corner6=0  corner9+=0  (14.1s)
  [106/147] random9                      R=(31, 28, -3, -4)  total= 663  max_mult=4  edge4=132  corner6=0  corner9+=0  (15.2s)
  [107/147] random10                     R=(18, -22, 33, -1)  total= 653  max_mult=4  edge4=132  corner6=0  corner9+=0  (15.3s)
  [108/147] random11                     R=(-37, 7, 6, 19)  total= 649  max_mult=4  edge4=132  corner6=0  corner9+=0  (18.2s)
  [109/147] random12                     R=(14, -29, 11, 34)  total= 631  max_mult=4  edge4=132  corner6=0  corner9+=0  (14.6s)
  [110/147] random13                     R=(30, 23, -26, 14)  total= 667  max_mult=4  edge4=132  corner6=0  corner9+=0  (14.4s)
  [111/147] random14                     R=(12, 18, 11, 5)  total= 645  max_mult=4  edge4=168  corner6=0  corner9+=0  (13.7s)
  [112/147] random15                     R=(27, -7, 13, 32)  total= 649  max_mult=4  edge4=132  corner6=0  corner9+=0  (14.1s)
  [113/147] random16                     R=(21, 25, 26, -37)  total= 675  max_mult=4  edge4=132  corner6=0  corner9+=0  (14.6s)
  [114/147] random17                     R=(33, -12, -24, -34)  total= 651  max_mult=4  edge4=132  corner6=0  corner9+=0  (15.4s)
  [115/147] random18                     R=(26, -27, 39, 14)  total= 661  max_mult=4  edge4=168  corner6=0  corner9+=0  (20.8s)
  [116/147] random19                     R=(20, -22, 21, -11)  total= 683  max_mult=4  edge4=132  corner6=0  corner9+=0  (15.2s)
  [117/147] random20                     R=(-25, 40, 18, 20)  total= 671  max_mult=4  edge4=132  corner6=0  corner9+=0  (14.1s)
  [118/147] random21                     R=(29, -8, 31, 11)  total= 655  max_mult=4  edge4=132  corner6=0  corner9+=0  (15.5s)
  [119/147] random22                     R=(-1, 30, 24, 21)  total= 665  max_mult=4  edge4=132  corner6=0  corner9+=0  (14.6s)
  [120/147] random23                     R=(11, 15, -15, -3)  total= 637  max_mult=4  edge4=168  corner6=0  corner9+=0  (13.0s)
  [121/147] random24                     R=(-2, -13, -12, -7)  total= 641  max_mult=4  edge4=132  corner6=0  corner9+=0  (13.3s)
  [122/147] random25                     R=(18, 9, 13, 11)  total= 663  max_mult=4  edge4=132  corner6=0  corner9+=0  (13.4s)
  [123/147] random26                     R=(6, -15, -7, 22)  total= 647  max_mult=4  edge4=132  corner6=0  corner9+=0  (13.4s)
  [124/147] random27                     R=(19, 25, 23, 15)  total= 671  max_mult=4  edge4=132  corner6=0  corner9+=0  (13.1s)
  [125/147] random28                     R=(31, -36, -3, 0)  total= 645  max_mult=4  edge4=168  corner6=0  corner9+=0  (12.7s)
  [126/147] random29                     R=(18, -28, 16, 25)  total= 659  max_mult=4  edge4=132  corner6=0  corner9+=0  (13.0s)
  [127/147] random30                     R=(-7, 17, -17, 14)  total= 657  max_mult=4  edge4=168  corner6=0  corner9+=0  (12.9s)
  [128/147] random31                     R=(21, -32, -6, 23)  total= 671  max_mult=4  edge4=132  corner6=0  corner9+=0  (13.2s)
  [129/147] random32                     R=(7, -28, -16, 12)  total= 661  max_mult=4  edge4=132  corner6=0  corner9+=0  (12.6s)
  [130/147] random33                     R=(-22, 17, -39, -29)  total= 657  max_mult=4  edge4=132  corner6=0  corner9+=0  (12.8s)
  [131/147] random34                     R=(-40, 17, 34, 29)  total= 667  max_mult=4  edge4=132  corner6=0  corner9+=0  (12.9s)
  [132/147] random35                     R=(-30, 38, -15, -9)  total= 647  max_mult=4  edge4=132  corner6=0  corner9+=0  (13.2s)
  [133/147] random36                     R=(-25, 39, -35, 29)  total= 657  max_mult=4  edge4=168  corner6=0  corner9+=0  (9.8s)
  [134/147] random37                     R=(-6, 5, -21, -40)  total= 655  max_mult=4  edge4=132  corner6=0  corner9+=0  (9.2s)
  [135/147] random38                     R=(0, 34, 33, 22)  total= 661  max_mult=4  edge4=168  corner6=0  corner9+=0  (8.9s)
  [136/147] random39                     R=(-23, 29, -12, 20)  total= 663  max_mult=4  edge4=132  corner6=0  corner9+=0  (9.2s)
  [137/147] random40                     R=(35, -24, 36, 24)  total= 649  max_mult=4  edge4=168  corner6=0  corner9+=0  (8.7s)
  [138/147] random41                     R=(-3, -30, 13, -20)  total= 665  max_mult=4  edge4=168  corner6=0  corner9+=0  (8.9s)
  [139/147] random42                     R=(-23, 35, -1, 24)  total= 647  max_mult=4  edge4=132  corner6=0  corner9+=0  (9.4s)
  [140/147] random43                     R=(12, 9, -21, 26)  total= 641  max_mult=4  edge4=132  corner6=0  corner9+=0  (9.2s)
  [141/147] random44                     R=(-15, 8, -39, -27)  total= 657  max_mult=4  edge4=132  corner6=0  corner9+=0  (9.0s)
  [142/147] random45                     R=(9, -31, -34, 4)  total= 671  max_mult=4  edge4=132  corner6=0  corner9+=0  (9.3s)
  [143/147] random46                     R=(5, -37, -37, 25)  total= 641  max_mult=4  edge4=168  corner6=0  corner9+=0  (8.6s)
  [144/147] random47                     R=(20, 1, -2, 17)  total= 669  max_mult=4  edge4=168  corner6=0  corner9+=0  (8.6s)
  [145/147] random48                     R=(1, -25, 23, 19)  total= 649  max_mult=4  edge4=132  corner6=0  corner9+=0  (9.2s)
  [146/147] random49                     R=(33, 39, -19, -21)  total= 663  max_mult=4  edge4=132  corner6=0  corner9+=0  (9.4s)

front1a top results:
  total= 691  tag=random2                       R=[31, 13, 33, 30]  summary={'max_mult': 4, 'edge4_count': 132, 'corner6_count': 0, 'corner9plus_count': 0, 'other_count': 0, 'top_sigs': [(2, 2)]}
  total= 683  tag=random19                      R=[20, -22, 21, -11]  summary={'max_mult': 4, 'edge4_count': 132, 'corner6_count': 0, 'corner9plus_count': 0, 'other_count': 12, 'top_sigs': [(2, 2), (1, 1, 1, 1)]}
  total= 677  tag=random5                       R=[-4, -28, 17, -39]  summary={'max_mult': 4, 'edge4_count': 132, 'corner6_count': 0, 'corner9plus_count': 0, 'other_count': 12, 'top_sigs': [(2, 2), (1, 1, 1, 1)]}
  total= 675  tag=random16                      R=[21, 25, 26, -37]  summary={'max_mult': 4, 'edge4_count': 132, 'corner6_count': 0, 'corner9plus_count': 0, 'other_count': 0, 'top_sigs': [(2, 2)]}
  total= 671  tag=random20                      R=[-25, 40, 18, 20]  summary={'max_mult': 4, 'edge4_count': 132, 'corner6_count': 0, 'corner9plus_count': 0, 'other_count': 0, 'top_sigs': [(2, 2)]}
  total= 671  tag=random27                      R=[19, 25, 23, 15]  summary={'max_mult': 4, 'edge4_count': 132, 'corner6_count': 0, 'corner9plus_count': 0, 'other_count': 14, 'top_sigs': [(2, 2), (2, 1, 1), (1, 1, 1, 1)]}
  total= 671  tag=random31                      R=[21, -32, -6, 23]  summary={'max_mult': 4, 'edge4_count': 132, 'corner6_count': 0, 'corner9plus_count': 0, 'other_count': 0, 'top_sigs': [(2, 2)]}
  total= 671  tag=random45                      R=[9, -31, -34, 4]  summary={'max_mult': 4, 'edge4_count': 132, 'corner6_count': 0, 'corner9plus_count': 0, 'other_count': 14, 'top_sigs': [(2, 2), (1, 1, 1, 1)]}
  total= 669  tag=random47                      R=[20, 1, -2, 17]  summary={'max_mult': 4, 'edge4_count': 168, 'corner6_count': 0, 'corner9plus_count': 0, 'other_count': 108, 'top_sigs': [(2, 2), (1, 1, 1, 1)]}
  total= 667  tag=random4                       R=[-20, 19, -15, -13]  summary={'max_mult': 4, 'edge4_count': 132, 'corner6_count': 0, 'corner9plus_count': 0, 'other_count': 2, 'top_sigs': [(2, 2), (2, 1, 1)]}
  total= 667  tag=random13                      R=[30, 23, -26, 14]  summary={'max_mult': 4, 'edge4_count': 132, 'corner6_count': 0, 'corner9plus_count': 0, 'other_count': 0, 'top_sigs': [(2, 2)]}
  total= 667  tag=random34                      R=[-40, 17, 34, 29]  summary={'max_mult': 4, 'edge4_count': 132, 'corner6_count': 0, 'corner9plus_count': 0, 'other_count': 0, 'top_sigs': [(2, 2)]}
  total= 665  tag=random22                      R=[-1, 30, 24, 21]  summary={'max_mult': 4, 'edge4_count': 132, 'corner6_count': 0, 'corner9plus_count': 0, 'other_count': 6, 'top_sigs': [(2, 2), (2, 1, 1), (1, 1, 1, 1)]}
  total= 665  tag=random41                      R=[-3, -30, 13, -20]  summary={'max_mult': 4, 'edge4_count': 168, 'corner6_count': 0, 'corner9plus_count': 0, 'other_count': 108, 'top_sigs': [(2, 2), (1, 1, 1, 1)]}
  total= 663  tag=random9                       R=[31, 28, -3, -4]  summary={'max_mult': 4, 'edge4_count': 132, 'corner6_count': 0, 'corner9plus_count': 0, 'other_count': 12, 'top_sigs': [(2, 2), (1, 1, 1, 1)]}
