resume mode: gates were run and PASSED earlier this session (V1/V2/V3, see golden_wall_report.md); skipping straight to the deduped search.

loaded 114 cached evaluations from /Users/dmi/carroll/golden_search.jsonl
=== symmetric candidates (both families) ===
  [B] quat=(0, 1, 0, 0)  180deg_x                 total= 351  ( 11.4s)
  [B] quat=(1, 0, 0, 0)  identity                 total= 351  ( 11.5s)
  [B] quat=(0, 0, 1, 0)  180deg_y                 total= 351  ( 11.4s)
  [B] quat=(1, 0, -1, 0)  -90deg_y                 total= 621  ( 18.4s)
  [B] quat=(1, 0, 1, 0)  90deg_y                  total= 621  ( 18.5s)
  [B] quat=(1, -1, 0, 0)  -90deg_x                 total= 621  ( 18.6s)
  [B] quat=(1, 0, 0, 1)  90deg_z                  total= 621  ( 18.6s)
  [B] quat=(1, 1, 0, 0)  90deg_x                  total= 621  ( 18.7s)
  [B] quat=(1, 1, 1, 1)  120deg_(1,1,1)           total= 351  ( 15.3s)
  [B] quat=(0, 0, 0, 1)  180deg_z                 total= 351  ( 15.4s)
  [B] quat=(1, 1, 1, -1)  120deg_(1,1,-1)          total= 351  ( 16.8s)
  [B] quat=(1, 0, 0, -1)  -90deg_z                 total= 621  ( 24.0s)
  [B] quat=(1, -1, -1, -1)  240deg_(1,1,1)           total= 351  ( 17.0s)
  [B] quat=(1, -1, -1, 1)  240deg_(1,1,-1)          total= 351  ( 17.0s)
  [B] quat=(1, 1, -1, 1)  120deg_(1,-1,1)          total= 351  ( 17.0s)
  [B] quat=(1, -1, 1, -1)  240deg_(1,-1,1)          total= 351  ( 17.0s)
  [B] quat=(1, -1, 1, 1)  240deg_(1,-1,-1)         total= 351  ( 13.4s)
  [B] quat=(1, 1, -1, -1)  120deg_(1,-1,-1)         total= 351  ( 13.5s)
  [B] quat=(3, 1, 1, -1)  60deg_(1,1,-1)           total= 533  ( 15.8s)
  [B] quat=(3, 1, 1, 1)  60deg_(1,1,1)            total= 533  ( 16.1s)
  [B] quat=(3, -1, -1, -1)  -60deg_(1,1,1)           total= 533  ( 16.1s)
  [A] quat=(3, 1, 1, 1)  60deg_(1,1,1)            total= 657  ( 18.1s)
  [A] quat=(3, -1, -1, -1)  -60deg_(1,1,1)           total= 657  ( 18.2s)
  [A] quat=(3, 1, 1, -1)  60deg_(1,1,-1)           total= 657  ( 18.4s)
  [B] quat=(3, -1, -1, 1)  -60deg_(1,1,-1)          total= 533  ( 16.3s)
  [A] quat=(3, -1, -1, 1)  -60deg_(1,1,-1)          total= 657  ( 18.3s)
  [A] quat=(3, 1, -1, 1)  60deg_(1,-1,1)           total= 657  ( 20.7s)
  [B] quat=(3, 1, -1, 1)  60deg_(1,-1,1)           total= 657  ( 20.7s)
  [B] quat=(3, 1, -1, -1)  60deg_(1,-1,-1)          total= 533  ( 18.3s)
  [A] quat=(3, -1, 1, -1)  -60deg_(1,-1,1)          total= 657  ( 21.5s)
  [B] quat=(3, -1, 1, -1)  -60deg_(1,-1,1)          total= 657  ( 21.2s)
  [A] quat=(3, 1, -1, -1)  60deg_(1,-1,-1)          total= 657  ( 21.7s)
  [B] quat=(3, -1, 1, 1)  -60deg_(1,-1,-1)         total= 533  ( 19.5s)
  [A] quat=(3, -1, 1, 1)  -60deg_(1,-1,-1)         total= 657  ( 21.7s)
  [B] quat=(7, 4, 4, 4)  near90diag_a7b4          total= 653  ( 26.1s)
  [B] quat=(2, 1, 1, 1)  near90diag_a2b1          total= 653  ( 26.1s)
  [B] quat=(12, 7, 7, 7)  near90diag_a12b7         total= 653  ( 26.3s)
  [B] quat=(26, 15, 15, 15)  near90diag_a26b15        total= 653  ( 26.1s)
  [B] quat=(13, 21, 13, 0)  nearico_F6_a13           total= 651  ( 26.0s)
  [B] quat=(13, 21, 0, 13)  nearico_F6b_a13          total= 651  ( 26.4s)
  [B] quat=(21, 21, 13, 0)  nearico_F6_a21           total= 647  ( 25.2s)
  [B] quat=(21, 21, 0, 13)  nearico_F6b_a21          total= 647  ( 25.8s)
  [B] quat=(1, 21, 0, 13)  nearico_F6b_a1           total= 643  ( 32.3s)
  [B] quat=(1, 21, 13, 0)  nearico_F6_a1            total= 647  ( 33.1s)
  [B] quat=(34, 55, 34, 0)  nearico_F8_a34           total= 651  ( 32.9s)
  [B] quat=(34, 55, 0, 34)  nearico_F8b_a34          total= 651  ( 33.0s)
  [B] quat=(55, 55, 34, 0)  nearico_F8_a55           total= 647  ( 34.8s)
  [B] quat=(55, 55, 0, 34)  nearico_F8b_a55          total= 647  ( 35.3s)
  [B] quat=(1, 55, 34, 0)  nearico_F8_a1            total= 647  ( 36.4s)
  [B] quat=(1, 55, 0, 34)  nearico_F8b_a1           total= 643  ( 36.5s)
  [B] quat=(89, 144, 89, 0)  nearico_F10_a89          total= 651  ( 27.6s)
  [B] quat=(144, 144, 89, 0)  nearico_F10_a144         total= 647  ( 26.9s)
  [B] quat=(89, 144, 0, 89)  nearico_F10b_a89         total= 651  ( 27.5s)
  [B] quat=(144, 144, 0, 89)  nearico_F10b_a144        total= 647  ( 27.2s)
  [B] quat=(1, 144, 89, 0)  nearico_F10_a1           total= 647  ( 25.3s)
  [B] quat=(1, 144, 0, 89)  nearico_F10b_a1          total= 643  ( 24.7s)
  [B] quat=(233, 377, 233, 0)  nearico_F12_a233         total= 651  ( 23.9s)
  [B] quat=(233, 377, 0, 233)  nearico_F12b_a233        total= 651  ( 23.2s)
  [B] quat=(377, 377, 233, 0)  nearico_F12_a377         total= 647  ( 15.7s)
  [B] quat=(377, 377, 0, 233)  nearico_F12b_a377        total= 647  ( 15.5s)
  [B] quat=(1, 377, 233, 0)  nearico_F12_a1           total= 647  ( 15.6s)
  [B] quat=(1, 377, 0, 233)  nearico_F12b_a1          total= 643  ( 15.8s)

=== random search (seed=1729, MAXC=512) ===
  [B] quat=(40, 213, 235, 167)                           total= 645  ( 28.4s)
  [B] quat=(-420, 329, 425, -165)                           total= 649  ( 29.1s)
  [B] quat=(-393, -139, 86, 231)                           total= 649  ( 29.2s)
  [B] quat=(260, 98, 207, -502)                           total= 653  ( 29.2s)
  [B] quat=(311, -397, -405, -313)                           total= 657  ( 29.4s)
  [B] quat=(214, 328, 209, -56)                           total= 657  ( 29.6s)
  [B] quat=(74, -87, -193, 511)                           total= 653  ( 29.8s)
  [B] quat=(-501, 423, 246, 299)                           total= 665  ( 29.8s)
  [B] quat=(53, 293, -284, -79)                           total= 645  ( 31.9s)
  [B] quat=(409, 377, -37, -500)                           total= 645  ( 32.7s)
  [B] quat=(-156, -186, 440, 413)                           total= 653  ( 31.3s)
  [B] quat=(-296, 385, -219, 240)                           total= 653  ( 32.1s)
  [B] quat=(159, -263, -393, 494)                           total= 645  ( 31.9s)
  [B] quat=(-158, 424, 81, 440)                           total= 645  ( 32.4s)
  [B] quat=(-414, 69, 245, 350)                           total= 645  ( 32.3s)
  [B] quat=(24, 194, 203, -33)                           total= 647  ( 32.7s)
  [B] quat=(-376, 460, 62, -473)                           total= 645  ( 23.7s)
  [B] quat=(37, 80, -448, -140)                           total= 657  ( 23.5s)
  [B] quat=(-154, 399, 17, 444)                           total= 653  ( 24.1s)
  [B] quat=(-270, 26, 362, -309)                           total= 645  ( 24.3s)
  [B] quat=(450, 49, -45, -123)                           total= 645  ( 25.0s)
  [B] quat=(-330, 118, 455, 73)                           total= 653  ( 25.0s)
  [B] quat=(280, -511, -45, -270)                           total= 649  ( 24.9s)
  [B] quat=(4, 375, 95, 505)                           total= 641  ( 25.1s)
  [B] quat=(125, -145, -129, 70)                           total= 653  ( 29.1s)
  [B] quat=(101, 475, -430, 182)                           total= 641  ( 28.9s)
  [B] quat=(12, -140, -329, -24)                           total= 661  ( 29.4s)
  [B] quat=(414, -337, 198, 284)                           total= 645  ( 29.5s)
  [B] quat=(-145, 325, -399, -320)                           total= 649  ( 28.4s)
  [B] quat=(-296, 241, -222, -31)                           total= 637  ( 28.9s)
  [B] quat=(-421, 448, 25, 298)                           total= 645  ( 28.8s)
  [B] quat=(-192, -446, 509, -357)                           total= 641  ( 28.9s)
  [B] quat=(-358, 203, 15, 310)                           total= 649  ( 21.5s)
  [B] quat=(-141, -152, -106, 53)                           total= 665  ( 21.9s)
  [B] quat=(346, 164, 431, -16)                           total= 665  ( 21.2s)
  [B] quat=(-157, -332, 266, -224)                           total= 641  ( 22.0s)
  [B] quat=(342, 231, 425, 191)                           total= 645  ( 21.9s)
  [B] quat=(315, 286, 130, -61)                           total= 657  ( 21.0s)
  [B] quat=(293, -448, -125, -500)                           total= 649  ( 21.9s)
  [B] quat=(29, -29, 320, -405)                           total= 645  ( 21.5s)
  [B] quat=(33, 416, 264, -377)                           total= 653  ( 23.3s)
  [B] quat=(-260, -375, 510, 326)                           total= 645  ( 24.1s)
  [B] quat=(-476, 269, 276, 356)                           total= 637  ( 24.1s)
  [B] quat=(-350, 242, 47, 180)                           total= 653  ( 23.9s)
  [B] quat=(285, -433, -503, 219)                           total= 645  ( 24.5s)
  [B] quat=(-196, -112, -141, 229)                           total= 645  ( 24.8s)
  [B] quat=(-144, -326, -229, -205)                           total= 649  ( 25.4s)
  [B] quat=(26, 175, 391, -158)                           total= 657  ( 24.9s)
  [B] quat=(234, -85, -235, 94)                           total= 645  ( 24.8s)
  [B] quat=(-205, 152, 101, -202)                           total= 641  ( 24.4s)
  [B] quat=(471, 279, 95, 293)                           total= 657  ( 24.4s)
  [B] quat=(-196, -86, -13, 63)                           total= 653  ( 23.7s)
  [B] quat=(507, -317, -485, 229)                           total= 641  ( 24.2s)
  [B] quat=(312, 372, -467, 444)                           total= 653  ( 23.1s)
  [B] quat=(-335, -202, 33, 320)                           total= 653  ( 23.4s)
  [B] quat=(427, 186, -380, 355)                           total= 645  ( 23.6s)
  [B] quat=(123, -381, 101, 216)                           total= 649  ( 20.7s)
  [B] quat=(490, -75, 221, -264)                           total= 649  ( 21.4s)
  [B] quat=(-91, 480, -89, -116)                           total= 645  ( 21.1s)
  [B] quat=(346, 465, 17, -100)                           total= 645  ( 21.9s)
  [B] quat=(-309, 473, 83, -65)                           total= 637  ( 20.9s)
  [B] quat=(386, 508, 129, 210)                           total= 649  ( 21.6s)
  [B] quat=(-241, 223, 302, -17)                           total= 653  ( 20.9s)
  [B] quat=(-117, 509, -248, 419)                           total= 649  ( 21.3s)
  [B] quat=(476, 455, 105, 102)                           total= 641  ( 21.0s)
  [B] quat=(-108, -292, -382, -7)                           total= 649  ( 20.9s)
  [B] quat=(248, -243, 137, -186)                           total= 645  ( 21.6s)
  [B] quat=(-227, 105, -175, -127)                           total= 641  ( 20.6s)
  [A] quat=(-186, -369, -333, 7)                           total= 641  ( 20.7s)
  [A] quat=(-502, 383, 64, -46)                           total= 653  ( 20.7s)
  [B] quat=(-186, -369, -333, 7)                           total= 653  ( 21.0s)
  [B] quat=(-502, 383, 64, -46)                           total= 653  ( 21.0s)
  [A] quat=(233, -245, -205, 183)                           total= 653  ( 24.7s)
  [B] quat=(233, -245, -205, 183)                           total= 661  ( 25.8s)
  [A] quat=(224, 97, -110, -66)                           total= 653  ( 25.9s)
  [A] quat=(230, -262, 215, -348)                           total= 657  ( 25.3s)
  [A] quat=(387, -322, 260, 234)                           total= 649  ( 25.9s)
  [B] quat=(224, 97, -110, -66)                           total= 649  ( 26.6s)
  [B] quat=(387, -322, 260, 234)                           total= 645  ( 26.1s)
  [B] quat=(230, -262, 215, -348)                           total= 641  ( 26.6s)
  [A] quat=(358, 406, 411, -322)                           total= 657  ( 17.7s)
  [B] quat=(358, 406, 411, -322)                           total= 657  ( 17.1s)

current best after symmetric+random: family=A quat=(2, 1, 1, 1) total=681

=== hillclimb ===
-- hillclimb family A from quat=(2, 1, 1, 1) total=681
  hillclimb[A] start quat=(2, 1, 1, 1) total=681
  hillclimb[A] step 0: LOCAL MAX at (2, 1, 1, 1) total=681
-- hillclimb family B from quat=(-501, 423, 246, 299) total=665
  hillclimb[B] start quat=(-501, 423, 246, 299) total=665
  hillclimb[B] step 0: LOCAL MAX at (-501, 423, 246, 299) total=665

=== FINAL BEST === family=A quat=(2, 1, 1, 1) total=681 by_depth={1: 234, 3: 128, 2: 192, 4: 90, 5: 36, 6: 1, 0: 1}
