d1 starts: s29390=116, s30108=116, s33098=114, s2228=112, s4048=112, s6647=112, s56567=112, s108100=112
d2 starts: s29390=212, s30108=212, s33098=210, s2228=208, s4048=208, s6647=208, s151276=208, s155146=208
preloaded 5841 memoized evals
== climb seed29390:d1 (rank 0, start d1=116)
  seed29390:d1:restart0 it1: d1=(116, 631) bounded=631 d={0: 1, 1: 116, 2: 212, 3: 164, 4: 102, 5: 36, 6: 1}
== climb seed30108:d1 (rank 1, start d1=116)
  seed30108:d1 it1: d1=(118, 635) bounded=635 d={0: 1, 1: 118, 2: 214, 3: 164, 4: 102, 5: 36, 6: 1}
  seed30108:d1:restart0 it1: d1=(118, 635) bounded=635 d={0: 1, 1: 118, 2: 214, 3: 164, 4: 102, 5: 36, 6: 1}
== climb seed33098:d1 (rank 2, start d1=114)
== climb seed2228:d1 (rank 3, start d1=112)
  seed2228:d1:restart0 it1: d1=(112, 623) bounded=623 d={0: 1, 1: 112, 2: 208, 3: 164, 4: 102, 5: 36, 6: 1}
== climb seed4048:d1 (rank 4, start d1=112)
  seed4048:d1 it1: d1=(114, 627) bounded=627 d={0: 1, 1: 114, 2: 210, 3: 164, 4: 102, 5: 36, 6: 1}
  seed4048:d1:restart0 it1: d1=(114, 627) bounded=627 d={0: 1, 1: 114, 2: 210, 3: 164, 4: 102, 5: 36, 6: 1}
== climb seed6647:d1 (rank 5, start d1=112)
  seed6647:d1 it1: d1=(114, 627) bounded=627 d={0: 1, 1: 114, 2: 210, 3: 164, 4: 102, 5: 36, 6: 1}
== climb seed56567:d1 (rank 6, start d1=112)
  seed56567:d1 it1: d1=(114, 623) bounded=623 d={0: 1, 1: 114, 2: 208, 3: 162, 4: 102, 5: 36, 6: 1}
  seed56567:d1:restart0 it1: d1=(114, 623) bounded=623 d={0: 1, 1: 114, 2: 208, 3: 162, 4: 102, 5: 36, 6: 1}
== climb seed108100:d1 (rank 7, start d1=112)
  seed108100:d1 it1: d1=(114, 623) bounded=623 d={0: 1, 1: 114, 2: 208, 3: 162, 4: 102, 5: 36, 6: 1}
== climb seed29390:d2 (rank 0, start d2=212)
== climb seed30108:d2 (rank 1, start d2=212)
  seed30108:d2 it1: d2=(214, 635) bounded=635 d={0: 1, 1: 118, 2: 214, 3: 164, 4: 102, 5: 36, 6: 1}
  seed30108:d2:restart0 it1: d2=(214, 635) bounded=635 d={0: 1, 1: 118, 2: 214, 3: 164, 4: 102, 5: 36, 6: 1}
== climb seed33098:d2 (rank 2, start d2=210)
== climb seed2228:d2 (rank 3, start d2=208)
  seed2228:d2:restart0 it1: d2=(208, 629) bounded=629 d={0: 1, 1: 118, 2: 208, 3: 164, 4: 102, 5: 36, 6: 1}
== climb seed4048:d2 (rank 4, start d2=208)
  seed4048:d2 it1: d2=(210, 627) bounded=627 d={0: 1, 1: 114, 2: 210, 3: 164, 4: 102, 5: 36, 6: 1}
  seed4048:d2:restart0 it1: d2=(210, 627) bounded=627 d={0: 1, 1: 114, 2: 210, 3: 164, 4: 102, 5: 36, 6: 1}
== climb seed6647:d2 (rank 5, start d2=208)
  seed6647:d2 it1: d2=(210, 627) bounded=627 d={0: 1, 1: 114, 2: 210, 3: 164, 4: 102, 5: 36, 6: 1}
  seed6647:d2:restart0 it1: d2=(208, 623) bounded=623 d={0: 1, 1: 112, 2: 208, 3: 164, 4: 102, 5: 36, 6: 1}
  seed6647:d2:restart0 it2: d2=(210, 627) bounded=627 d={0: 1, 1: 114, 2: 210, 3: 164, 4: 102, 5: 36, 6: 1}
== climb seed151276:d2 (rank 6, start d2=208)
  seed151276:d2 it1: d2=(210, 627) bounded=627 d={0: 1, 1: 114, 2: 210, 3: 164, 4: 102, 5: 36, 6: 1}
  seed151276:d2:restart0 it1: d2=(210, 627) bounded=627 d={0: 1, 1: 114, 2: 210, 3: 164, 4: 102, 5: 36, 6: 1}
== climb seed155146:d2 (rank 7, start d2=208)
  seed155146:d2:restart0 it1: d2=(208, 623) bounded=623 d={0: 1, 1: 112, 2: 208, 3: 164, 4: 102, 5: 36, 6: 1}

=== CHAMPIONS ===
d1: score=(118, 635) bounded=635 by_depth={0: 1, 1: 118, 2: 214, 3: 164, 4: 102, 5: 36, 6: 1}
  quats=[[129, -171, -137, -28], [382, 278, 63, -186], [200, 289, 312, -203], [314, 101, -391, 1], [124, -61, 26, -215], [276, 269, 33, 335]]
d2: score=(214, 635) bounded=635 by_depth={0: 1, 1: 118, 2: 214, 3: 164, 4: 102, 5: 36, 6: 1}
  quats=[[129, -171, -137, -28], [382, 278, 63, -186], [200, 289, 312, -203], [314, 101, -391, 1], [124, -61, 26, -215], [276, 269, 33, 335]]
total exact evaluations: 2096
