=== M1(b): 60deg about each golden cube's own body diagonal ===
  M1b cube0 60_(1,1,1)       total= 657 (3.5s)
  M1b cube0 -60_(1,1,1)      total= 657 (3.6s)
  M1b cube0 60_(1,1,-1)      total= 657 (3.5s)
  M1b cube0 -60_(1,1,-1)     total= 657 (3.7s)
  M1b cube0 60_(1,-1,1)      total= 657 (4.1s)
  M1b cube0 -60_(1,-1,1)     total= 657 (4.2s)
  M1b cube0 60_(1,-1,-1)     total= 657 (3.5s)
  M1b cube0 -60_(1,-1,-1)    total= 657 (3.6s)
  M1b cube1 60_(1,1,1)       total= 657 (3.9s)
  M1b cube1 -60_(1,1,1)      total= 657 (3.7s)
  M1b cube1 60_(1,1,-1)      total= 657 (3.5s)
  M1b cube1 -60_(1,1,-1)     total= 657 (3.7s)
  M1b cube1 60_(1,-1,1)      total= 657 (3.5s)
  M1b cube1 -60_(1,-1,1)     total= 657 (4.0s)
  M1b cube1 60_(1,-1,-1)     total= 657 (3.7s)
  M1b cube1 -60_(1,-1,-1)    total= 657 (3.7s)
  M1b cube2 60_(1,1,1)       total= 657 (3.7s)
  M1b cube2 -60_(1,1,1)      total= 657 (3.6s)
  M1b cube2 60_(1,1,-1)      total= 657 (3.9s)
  M1b cube2 -60_(1,1,-1)     total= 657 (3.6s)
  M1b cube2 60_(1,-1,1)      total= 657 (3.7s)
  M1b cube2 -60_(1,-1,1)     total= 657 (3.9s)
  M1b cube2 60_(1,-1,-1)     total= 657 (3.7s)
  M1b cube2 -60_(1,-1,-1)    total= 657 (3.6s)
  M1b cube3 60_(1,1,1)       total= 657 (3.6s)
  M1b cube3 -60_(1,1,1)      total= 657 (3.5s)
  M1b cube3 60_(1,1,-1)      total= 657 (3.6s)
  M1b cube3 -60_(1,1,-1)     total= 657 (3.7s)
  M1b cube3 60_(1,-1,1)      total= 657 (3.5s)
  M1b cube3 -60_(1,-1,1)     total= 657 (3.8s)
  M1b cube3 60_(1,-1,-1)     total= 657 (3.5s)
  M1b cube3 -60_(1,-1,-1)    total= 657 (3.6s)
  M1b cube4 60_(1,1,1)       total= 657 (3.5s)
  M1b cube4 -60_(1,1,1)      total= 657 (3.6s)
  M1b cube4 60_(1,1,-1)      total= 657 (3.6s)
  M1b cube4 -60_(1,1,-1)     total= 657 (3.7s)
  M1b cube4 60_(1,-1,1)      total= 657 (3.6s)
  M1b cube4 -60_(1,-1,1)     total= 657 (4.0s)
  M1b cube4 60_(1,-1,-1)     total= 657 (3.7s)
  M1b cube4 -60_(1,-1,-1)    total= 657 (3.8s)
M1b best: cube0 60_(1,1,1) total=657

=== M1(a): coincident face-plane, free in-plane rotation ===
  M1a cube0 angle_quat=(1,0,0,0) total= 351 (2.2s)
  M1a cube0 angle_quat=(4,0,0,3) total= 563 (3.5s)
  M1a cube0 angle_quat=(3,0,0,4) total= 563 (3.4s)
  M1a cube0 angle_quat=(5,0,0,12) total= 543 (3.4s)
  M1a cube0 angle_quat=(12,0,0,5) total= 543 (3.5s)
  M1a cube0 angle_quat=(1,0,0,1) total= 351 (2.2s)
  M1a cube0 angle_quat=(1,0,0,2) total= 551 (3.5s)
  M1a cube0 angle_quat=(2,0,0,1) total= 551 (3.4s)
  M1a cube0 angle_quat=(7,0,0,1) total= 563 (3.5s)
  M1a cube0 angle_quat=(1,0,0,7) total= 563 (3.4s)
  M1a cube0 angle_quat=(5,0,0,3) total= 547 (4.5s)
  M1a cube0 angle_quat=(3,0,0,5) total= 547 (3.6s)
  M1a cube0 angle_quat=(8,0,0,15) total= 555 (3.6s)
  M1a cube0 angle_quat=(15,0,0,8) total= 555 (3.6s)
  M1a cube1 angle_quat=(1,0,0,0) total= 351 (2.2s)
  M1a cube1 angle_quat=(4,0,0,3) total= 563 (3.6s)
  M1a cube1 angle_quat=(3,0,0,4) total= 563 (3.7s)
  M1a cube1 angle_quat=(5,0,0,12) total= 543 (3.6s)
  M1a cube1 angle_quat=(12,0,0,5) total= 543 (3.5s)
  M1a cube1 angle_quat=(1,0,0,1) total= 351 (2.2s)
  M1a cube1 angle_quat=(1,0,0,2) total= 551 (3.4s)
  M1a cube1 angle_quat=(2,0,0,1) total= 551 (3.4s)
  M1a cube1 angle_quat=(7,0,0,1) total= 563 (3.6s)
  M1a cube1 angle_quat=(1,0,0,7) total= 563 (3.4s)
  M1a cube1 angle_quat=(5,0,0,3) total= 547 (3.8s)
  M1a cube1 angle_quat=(3,0,0,5) total= 547 (3.7s)
  M1a cube1 angle_quat=(8,0,0,15) total= 555 (3.5s)
  M1a cube1 angle_quat=(15,0,0,8) total= 555 (3.6s)
  M1a cube2 angle_quat=(1,0,0,0) total= 351 (2.2s)
  M1a cube2 angle_quat=(4,0,0,3) total= 563 (3.5s)
  M1a cube2 angle_quat=(3,0,0,4) total= 563 (4.0s)
  M1a cube2 angle_quat=(5,0,0,12) total= 543 (3.5s)
  M1a cube2 angle_quat=(12,0,0,5) total= 543 (3.4s)
  M1a cube2 angle_quat=(1,0,0,1) total= 351 (2.4s)
  M1a cube2 angle_quat=(1,0,0,2) total= 551 (3.4s)
  M1a cube2 angle_quat=(2,0,0,1) total= 551 (3.5s)
  M1a cube2 angle_quat=(7,0,0,1) total= 563 (3.5s)
  M1a cube2 angle_quat=(1,0,0,7) total= 563 (3.6s)
  M1a cube2 angle_quat=(5,0,0,3) total= 547 (3.5s)
  M1a cube2 angle_quat=(3,0,0,5) total= 547 (3.4s)
  M1a cube2 angle_quat=(8,0,0,15) total= 555 (3.6s)
  M1a cube2 angle_quat=(15,0,0,8) total= 555 (4.2s)
  M1a cube3 angle_quat=(1,0,0,0) total= 351 (2.3s)
  M1a cube3 angle_quat=(4,0,0,3) total= 563 (3.4s)
  M1a cube3 angle_quat=(3,0,0,4) total= 563 (3.5s)
  M1a cube3 angle_quat=(5,0,0,12) total= 543 (3.6s)
  M1a cube3 angle_quat=(12,0,0,5) total= 543 (3.5s)
  M1a cube3 angle_quat=(1,0,0,1) total= 351 (2.2s)
  M1a cube3 angle_quat=(1,0,0,2) total= 551 (3.6s)
  M1a cube3 angle_quat=(2,0,0,1) total= 551 (3.6s)
  M1a cube3 angle_quat=(7,0,0,1) total= 563 (3.6s)
  M1a cube3 angle_quat=(1,0,0,7) total= 563 (3.4s)
  M1a cube3 angle_quat=(5,0,0,3) total= 547 (3.5s)
  M1a cube3 angle_quat=(3,0,0,5) total= 547 (3.5s)
  M1a cube3 angle_quat=(8,0,0,15) total= 555 (3.7s)
  M1a cube3 angle_quat=(15,0,0,8) total= 555 (3.5s)
  M1a cube4 angle_quat=(1,0,0,0) total= 351 (2.3s)
  M1a cube4 angle_quat=(4,0,0,3) total= 563 (3.8s)
  M1a cube4 angle_quat=(3,0,0,4) total= 563 (3.5s)
  M1a cube4 angle_quat=(5,0,0,12) total= 543 (4.1s)
  M1a cube4 angle_quat=(12,0,0,5) total= 543 (3.8s)
  M1a cube4 angle_quat=(1,0,0,1) total= 351 (2.3s)
  M1a cube4 angle_quat=(1,0,0,2) total= 551 (3.7s)
  M1a cube4 angle_quat=(2,0,0,1) total= 551 (3.6s)
  M1a cube4 angle_quat=(7,0,0,1) total= 563 (3.7s)
  M1a cube4 angle_quat=(1,0,0,7) total= 563 (3.6s)
  M1a cube4 angle_quat=(5,0,0,3) total= 547 (3.7s)
  M1a cube4 angle_quat=(3,0,0,5) total= 547 (3.7s)
  M1a cube4 angle_quat=(8,0,0,15) total= 555 (4.0s)
  M1a cube4 angle_quat=(15,0,0,8) total= 555 (3.8s)
M1a best: cube0 quat=[4, 0, 0, 3] total=563
