
=== hillclimb from total=687 state=(7, 2, 2, 1, 4, -1, -1, -1) ===
  climb start (7, 2, 2, 1, 4, -1, -1, -1) total=687
  step 0: LOCAL MAX at (7, 2, 2, 1, 4, -1, -1, -1) total=687

=== hillclimb from total=687 state=(8, 3, 5, 2, 2, 1, 1, 1) ===
  climb start (8, 3, 5, 2, 2, 1, 1, 1) total=687
  step 0: LOCAL MAX at (8, 3, 5, 2, 2, 1, 1, 1) total=687

=== hillclimb from total=687 state=(5, 2, 8, 3, 2, -1, -1, -1) ===
  climb start (5, 2, 8, 3, 2, -1, -1, -1) total=687
  step 0: LOCAL MAX at (5, 2, 8, 3, 2, -1, -1, -1) total=687

=== hillclimb from total=687 state=(2, 1, 7, 2, 4, 1, 1, 1) ===
  climb start (2, 1, 7, 2, 4, 1, 1, 1) total=687
  step 0: LOCAL MAX at (2, 1, 7, 2, 4, 1, 1, 1) total=687

=== hillclimb from total=687 state=(2, 1, 8, 5, 4, 1, 1, 1) ===
  climb start (2, 1, 8, 5, 4, 1, 1, 1) total=687
  step 0: LOCAL MAX at (2, 1, 8, 5, 4, 1, 1, 1) total=687

=== hillclimb from total=687 state=(7, 4, 5, 3, 3, 1, 1, 1) ===
  climb start (7, 4, 5, 3, 3, 1, 1, 1) total=687
  step 0: LOCAL MAX at (7, 4, 5, 3, 3, 1, 1, 1) total=687

=== hillclimb from total=687 state=(7, 4, 5, 3, 3, -1, -1, -1) ===
  climb start (7, 4, 5, 3, 3, -1, -1, -1) total=687
  step 0: LOCAL MAX at (7, 4, 5, 3, 3, -1, -1, -1) total=687

=== hillclimb from total=687 state=(8, 5, 2, 1, 4, -1, -1, -1) ===
  climb start (8, 5, 2, 1, 4, -1, -1, -1) total=687
  step 0: LOCAL MAX at (8, 5, 2, 1, 4, -1, -1, -1) total=687

=== hillclimb from total=681 state=(7, 2, 4, 1, 3, 1, 1, 1) ===
  climb start (7, 2, 4, 1, 3, 1, 1, 1) total=681
  step 0: LOCAL MAX at (7, 2, 4, 1, 3, 1, 1, 1) total=681

=== hillclimb from total=681 state=(7, 2, 4, 1, 3, -1, -1, -1) ===
  climb start (7, 2, 4, 1, 3, -1, -1, -1) total=681
  step 0: LOCAL MAX at (7, 2, 4, 1, 3, -1, -1, -1) total=681

=== hillclimb from total=675 state=(8, 1, 3, 1, 4, 1, 1, 1) ===
  climb start (8, 1, 3, 1, 4, 1, 1, 1) total=675
  step 0: LOCAL MAX at (8, 1, 3, 1, 4, 1, 1, 1) total=675

=== hillclimb from total=675 state=(6, 1, 5, 2, 4, 1, 1, 1) ===
  climb start (6, 1, 5, 2, 4, 1, 1, 1) total=675
  step 0: LOCAL MAX at (6, 1, 5, 2, 4, 1, 1, 1) total=675

=== P2 DONE in 17.3s ===
best overall: total=687 state=(7, 2, 2, 1, 4, -1, -1, -1) by_depth={0: 1, 1: 168, 2: 216, 3: 164, 4: 102, 5: 36, 6: 1}
