theta grid: 21  R candidates: 85  -> 37485 configs
built 37485 job configs
P1 done: 31214 evals, 3268 degenerate errors, 3003 skipped (cap) in 752.6s (20.1 ms/eval)

top 30 by total:
  total= 687  q1=  7 p1=  2  q2=  2 p2=  1  R=[4, -1, -1, -1] (diag(1,1,1)_p-1q4)  by_depth={0: 1, 1: 168, 2: 216, 3: 164, 4: 102, 5: 36, 6: 1}
  total= 687  q1=  8 p1=  3  q2=  5 p2=  2  R=[2, 1, 1, 1] (diag(1,1,1)_p1q2)  by_depth={0: 1, 1: 168, 2: 216, 3: 164, 4: 102, 5: 36, 6: 1}
  total= 687  q1=  5 p1=  2  q2=  8 p2=  3  R=[2, -1, -1, -1] (diag(1,1,1)_p-1q2)  by_depth={0: 1, 1: 168, 2: 216, 3: 164, 4: 102, 5: 36, 6: 1}
  total= 687  q1=  2 p1=  1  q2=  7 p2=  2  R=[4, 1, 1, 1] (diag(1,1,1)_p1q4)  by_depth={0: 1, 1: 168, 2: 216, 3: 164, 4: 102, 5: 36, 6: 1}
  total= 687  q1=  2 p1=  1  q2=  8 p2=  5  R=[4, 1, 1, 1] (diag(1,1,1)_p1q4)  by_depth={0: 1, 1: 168, 2: 216, 3: 164, 4: 102, 5: 36, 6: 1}
  total= 687  q1=  7 p1=  4  q2=  5 p2=  3  R=[3, 1, 1, 1] (diag(1,1,1)_p1q3)  by_depth={0: 1, 1: 168, 2: 216, 3: 164, 4: 102, 5: 36, 6: 1}
  total= 687  q1=  7 p1=  4  q2=  5 p2=  3  R=[3, -1, -1, -1] (diag(1,1,1)_p-1q3)  by_depth={0: 1, 1: 168, 2: 216, 3: 164, 4: 102, 5: 36, 6: 1}
  total= 687  q1=  8 p1=  5  q2=  2 p2=  1  R=[4, -1, -1, -1] (diag(1,1,1)_p-1q4)  by_depth={0: 1, 1: 168, 2: 216, 3: 164, 4: 102, 5: 36, 6: 1}
  total= 681  q1=  7 p1=  2  q2=  4 p2=  1  R=[3, 1, 1, 1] (diag(1,1,1)_p1q3)  by_depth={0: 1, 1: 162, 2: 216, 3: 164, 4: 102, 5: 36, 6: 1}
  total= 681  q1=  7 p1=  2  q2=  4 p2=  1  R=[3, -1, -1, -1] (diag(1,1,1)_p-1q3)  by_depth={0: 1, 1: 162, 2: 216, 3: 164, 4: 102, 5: 36, 6: 1}
  total= 675  q1=  8 p1=  1  q2=  3 p2=  1  R=[4, 1, 1, 1] (diag(1,1,1)_p1q4)  by_depth={0: 1, 1: 168, 2: 204, 3: 164, 4: 102, 5: 36, 6: 1}
  total= 675  q1=  6 p1=  1  q2=  5 p2=  2  R=[4, 1, 1, 1] (diag(1,1,1)_p1q4)  by_depth={0: 1, 1: 168, 2: 204, 3: 164, 4: 102, 5: 36, 6: 1}
  total= 675  q1=  5 p1=  1  q2=  8 p2=  3  R=[4, 1, 1, 1] (diag(1,1,1)_p1q4)  by_depth={0: 1, 1: 162, 2: 210, 3: 164, 4: 102, 5: 36, 6: 1}
  total= 675  q1=  7 p1=  2  q2=  8 p2=  3  R=[2, -1, -1, -1] (diag(1,1,1)_p-1q2)  by_depth={0: 1, 1: 162, 2: 210, 3: 164, 4: 102, 5: 36, 6: 1}
  total= 675  q1=  3 p1=  1  q2=  8 p2=  1  R=[4, -1, -1, -1] (diag(1,1,1)_p-1q4)  by_depth={0: 1, 1: 168, 2: 204, 3: 164, 4: 102, 5: 36, 6: 1}
  total= 675  q1=  8 p1=  3  q2=  5 p2=  1  R=[4, -1, -1, -1] (diag(1,1,1)_p-1q4)  by_depth={0: 1, 1: 162, 2: 210, 3: 164, 4: 102, 5: 36, 6: 1}
  total= 675  q1=  8 p1=  3  q2=  7 p2=  2  R=[2, 1, 1, 1] (diag(1,1,1)_p1q2)  by_depth={0: 1, 1: 162, 2: 210, 3: 164, 4: 102, 5: 36, 6: 1}
  total= 675  q1=  5 p1=  2  q2=  6 p2=  1  R=[4, -1, -1, -1] (diag(1,1,1)_p-1q4)  by_depth={0: 1, 1: 168, 2: 204, 3: 164, 4: 102, 5: 36, 6: 1}
  total= 675  q1=  5 p1=  2  q2=  5 p2=  2  R=[31, 13, 33, 30] (random2)  by_depth={0: 1, 1: 154, 2: 218, 3: 164, 4: 102, 5: 36, 6: 1}
  total= 675  q1=  7 p1=  3  q2=  7 p2=  5  R=[4, 1, 1, 1] (diag(1,1,1)_p1q4)  by_depth={0: 1, 1: 168, 2: 204, 3: 164, 4: 102, 5: 36, 6: 1}
  total= 675  q1=  7 p1=  5  q2=  7 p2=  3  R=[4, -1, -1, -1] (diag(1,1,1)_p-1q4)  by_depth={0: 1, 1: 168, 2: 204, 3: 164, 4: 102, 5: 36, 6: 1}
  total= 671  q1=  8 p1=  3  q2=  7 p2=  3  R=[2, -1, -1, 1] (diag(1,1,-1)_p-1q2)  by_depth={0: 1, 1: 160, 2: 208, 3: 164, 4: 102, 5: 36, 6: 1}
  total= 671  q1=  8 p1=  3  q2=  7 p2=  3  R=[2, -1, 1, -1] (diag(1,-1,1)_p-1q2)  by_depth={0: 1, 1: 160, 2: 208, 3: 164, 4: 102, 5: 36, 6: 1}
  total= 671  q1=  8 p1=  3  q2=  7 p2=  3  R=[2, 1, -1, -1] (diag(-1,1,1)_p-1q2)  by_depth={0: 1, 1: 160, 2: 208, 3: 164, 4: 102, 5: 36, 6: 1}
  total= 671  q1=  7 p1=  3  q2=  8 p2=  3  R=[2, 1, 1, -1] (diag(1,1,-1)_p1q2)  by_depth={0: 1, 1: 160, 2: 208, 3: 164, 4: 102, 5: 36, 6: 1}
  total= 671  q1=  7 p1=  3  q2=  8 p2=  3  R=[2, 1, -1, 1] (diag(1,-1,1)_p1q2)  by_depth={0: 1, 1: 160, 2: 208, 3: 164, 4: 102, 5: 36, 6: 1}
  total= 671  q1=  7 p1=  3  q2=  8 p2=  3  R=[2, -1, 1, 1] (diag(-1,1,1)_p1q2)  by_depth={0: 1, 1: 160, 2: 208, 3: 164, 4: 102, 5: 36, 6: 1}
  total= 671  q1=  7 p1=  3  q2=  5 p2=  2  R=[31, 13, 33, 30] (random2)  by_depth={0: 1, 1: 154, 2: 214, 3: 164, 4: 102, 5: 36, 6: 1}
  total= 669  q1=  5 p1=  1  q2=  4 p2=  1  R=[3, 1, 1, 1] (diag(1,1,1)_p1q3)  by_depth={0: 1, 1: 168, 2: 204, 3: 158, 4: 102, 5: 36, 6: 1}
  total= 669  q1=  5 p1=  1  q2=  4 p2=  1  R=[3, -1, -1, -1] (diag(1,1,1)_p-1q3)  by_depth={0: 1, 1: 168, 2: 204, 3: 158, 4: 102, 5: 36, 6: 1}

saved top 200 to slide3_p1_top.json
