gathering top-50 starting configs...
resolved 0 exact_search_results seeds to quats (of 6970 total)
got 50 distinct starts, best=635, 50th=635
  start 0: bounded=635 quats=[[129, -171, -137, -28], [382, 278, 63, -186], [200, 289, 312, -203], [314, 101, -391, 1], [124, -61, 26, -215], [276, 269, 33, 335]]
  start 1: bounded=635 quats=[[127, -171, -137, -28], [382, 278, 63, -186], [200, 289, 312, -203], [314, 101, -391, 1], [124, -61, 26, -215], [276, 269, 33, 335]]
  start 2: bounded=635 quats=[[128, -171, -137, -28], [382, 278, 63, -186], [200, 289, 312, -203], [314, 101, -391, 1], [124, -61, 26, -215], [276, 269, 33, 335]]
  start 3: bounded=635 quats=[[130, -171, -137, -28], [382, 278, 63, -186], [200, 289, 312, -203], [314, 101, -391, 1], [124, -61, 26, -215], [276, 269, 33, 335]]
  start 4: bounded=635 quats=[[131, -171, -137, -28], [382, 278, 63, -186], [200, 289, 312, -203], [314, 101, -391, 1], [124, -61, 26, -215], [276, 269, 33, 335]]
  start 5: bounded=635 quats=[[129, -173, -137, -28], [382, 278, 63, -186], [200, 289, 312, -203], [314, 101, -391, 1], [124, -61, 26, -215], [276, 269, 33, 335]]
  start 6: bounded=635 quats=[[129, -172, -137, -28], [382, 278, 63, -186], [200, 289, 312, -203], [314, 101, -391, 1], [124, -61, 26, -215], [276, 269, 33, 335]]
  start 7: bounded=635 quats=[[129, -171, -136, -28], [382, 278, 63, -186], [200, 289, 312, -203], [314, 101, -391, 1], [124, -61, 26, -215], [276, 269, 33, 335]]
  start 8: bounded=635 quats=[[129, -171, -135, -28], [382, 278, 63, -186], [200, 289, 312, -203], [314, 101, -391, 1], [124, -61, 26, -215], [276, 269, 33, 335]]
  start 9: bounded=635 quats=[[129, -171, -137, -27], [382, 278, 63, -186], [200, 289, 312, -203], [314, 101, -391, 1], [124, -61, 26, -215], [276, 269, 33, 335]]
  start 10: bounded=635 quats=[[129, -171, -137, -26], [382, 278, 63, -186], [200, 289, 312, -203], [314, 101, -391, 1], [124, -61, 26, -215], [276, 269, 33, 335]]
  start 11: bounded=635 quats=[[129, -171, -137, -28], [381, 278, 63, -186], [200, 289, 312, -203], [314, 101, -391, 1], [124, -61, 26, -215], [276, 269, 33, 335]]
  start 12: bounded=635 quats=[[129, -171, -137, -28], [383, 278, 63, -186], [200, 289, 312, -203], [314, 101, -391, 1], [124, -61, 26, -215], [276, 269, 33, 335]]
  start 13: bounded=635 quats=[[129, -171, -137, -28], [382, 276, 63, -186], [200, 289, 312, -203], [314, 101, -391, 1], [124, -61, 26, -215], [276, 269, 33, 335]]
  start 14: bounded=635 quats=[[129, -171, -137, -28], [382, 277, 63, -186], [200, 289, 312, -203], [314, 101, -391, 1], [124, -61, 26, -215], [276, 269, 33, 335]]
  start 15: bounded=635 quats=[[129, -171, -137, -28], [191, 139, 32, -93], [200, 289, 312, -203], [314, 101, -391, 1], [124, -61, 26, -215], [276, 269, 33, 335]]
  start 16: bounded=635 quats=[[129, -171, -137, -28], [382, 278, 65, -186], [200, 289, 312, -203], [314, 101, -391, 1], [124, -61, 26, -215], [276, 269, 33, 335]]
  start 17: bounded=635 quats=[[129, -171, -137, -28], [382, 278, 63, -188], [200, 289, 312, -203], [314, 101, -391, 1], [124, -61, 26, -215], [276, 269, 33, 335]]
  start 18: bounded=635 quats=[[129, -171, -137, -28], [382, 278, 63, -187], [200, 289, 312, -203], [314, 101, -391, 1], [124, -61, 26, -215], [276, 269, 33, 335]]
  start 19: bounded=635 quats=[[129, -171, -137, -28], [382, 278, 63, -186], [198, 289, 312, -203], [314, 101, -391, 1], [124, -61, 26, -215], [276, 269, 33, 335]]
  start 20: bounded=635 quats=[[129, -171, -137, -28], [382, 278, 63, -186], [199, 289, 312, -203], [314, 101, -391, 1], [124, -61, 26, -215], [276, 269, 33, 335]]
  start 21: bounded=635 quats=[[129, -171, -137, -28], [382, 278, 63, -186], [201, 289, 312, -203], [314, 101, -391, 1], [124, -61, 26, -215], [276, 269, 33, 335]]
  start 22: bounded=635 quats=[[129, -171, -137, -28], [382, 278, 63, -186], [202, 289, 312, -203], [314, 101, -391, 1], [124, -61, 26, -215], [276, 269, 33, 335]]
  start 23: bounded=635 quats=[[129, -171, -137, -28], [382, 278, 63, -186], [200, 287, 312, -203], [314, 101, -391, 1], [124, -61, 26, -215], [276, 269, 33, 335]]
  start 24: bounded=635 quats=[[129, -171, -137, -28], [382, 278, 63, -186], [200, 288, 312, -203], [314, 101, -391, 1], [124, -61, 26, -215], [276, 269, 33, 335]]
  start 25: bounded=635 quats=[[129, -171, -137, -28], [382, 278, 63, -186], [200, 290, 312, -203], [314, 101, -391, 1], [124, -61, 26, -215], [276, 269, 33, 335]]
  start 26: bounded=635 quats=[[129, -171, -137, -28], [382, 278, 63, -186], [200, 291, 312, -203], [314, 101, -391, 1], [124, -61, 26, -215], [276, 269, 33, 335]]
  start 27: bounded=635 quats=[[129, -171, -137, -28], [382, 278, 63, -186], [200, 289, 310, -203], [314, 101, -391, 1], [124, -61, 26, -215], [276, 269, 33, 335]]
  start 28: bounded=635 quats=[[129, -171, -137, -28], [382, 278, 63, -186], [200, 289, 311, -203], [314, 101, -391, 1], [124, -61, 26, -215], [276, 269, 33, 335]]
  start 29: bounded=635 quats=[[129, -171, -137, -28], [382, 278, 63, -186], [200, 289, 313, -203], [314, 101, -391, 1], [124, -61, 26, -215], [276, 269, 33, 335]]
  start 30: bounded=635 quats=[[129, -171, -137, -28], [382, 278, 63, -186], [200, 289, 314, -203], [314, 101, -391, 1], [124, -61, 26, -215], [276, 269, 33, 335]]
  start 31: bounded=635 quats=[[129, -171, -137, -28], [382, 278, 63, -186], [200, 289, 312, -205], [314, 101, -391, 1], [124, -61, 26, -215], [276, 269, 33, 335]]
  start 32: bounded=635 quats=[[129, -171, -137, -28], [382, 278, 63, -186], [200, 289, 312, -204], [314, 101, -391, 1], [124, -61, 26, -215], [276, 269, 33, 335]]
  start 33: bounded=635 quats=[[129, -171, -137, -28], [382, 278, 63, -186], [200, 289, 312, -202], [314, 101, -391, 1], [124, -61, 26, -215], [276, 269, 33, 335]]
  start 34: bounded=635 quats=[[129, -171, -137, -28], [382, 278, 63, -186], [200, 289, 312, -201], [314, 101, -391, 1], [124, -61, 26, -215], [276, 269, 33, 335]]
  start 35: bounded=635 quats=[[129, -171, -137, -28], [382, 278, 63, -186], [200, 289, 312, -203], [312, 101, -391, 1], [124, -61, 26, -215], [276, 269, 33, 335]]
  start 36: bounded=635 quats=[[129, -171, -137, -28], [382, 278, 63, -186], [200, 289, 312, -203], [313, 101, -391, 1], [124, -61, 26, -215], [276, 269, 33, 335]]
  start 37: bounded=635 quats=[[129, -171, -137, -28], [382, 278, 63, -186], [200, 289, 312, -203], [315, 101, -391, 1], [124, -61, 26, -215], [276, 269, 33, 335]]
  start 38: bounded=635 quats=[[129, -171, -137, -28], [382, 278, 63, -186], [200, 289, 312, -203], [316, 101, -391, 1], [124, -61, 26, -215], [276, 269, 33, 335]]
  start 39: bounded=635 quats=[[129, -171, -137, -28], [382, 278, 63, -186], [200, 289, 312, -203], [314, 99, -391, 1], [124, -61, 26, -215], [276, 269, 33, 335]]
  start 40: bounded=635 quats=[[129, -171, -137, -28], [382, 278, 63, -186], [200, 289, 312, -203], [314, 100, -391, 1], [124, -61, 26, -215], [276, 269, 33, 335]]
  start 41: bounded=635 quats=[[129, -171, -137, -28], [382, 278, 63, -186], [200, 289, 312, -203], [314, 102, -391, 1], [124, -61, 26, -215], [276, 269, 33, 335]]
  start 42: bounded=635 quats=[[129, -171, -137, -28], [382, 278, 63, -186], [200, 289, 312, -203], [314, 103, -391, 1], [124, -61, 26, -215], [276, 269, 33, 335]]
  start 43: bounded=635 quats=[[129, -171, -137, -28], [382, 278, 63, -186], [200, 289, 312, -203], [314, 101, -393, 1], [124, -61, 26, -215], [276, 269, 33, 335]]
  start 44: bounded=635 quats=[[129, -171, -137, -28], [382, 278, 63, -186], [200, 289, 312, -203], [314, 101, -392, 1], [124, -61, 26, -215], [276, 269, 33, 335]]
  start 45: bounded=635 quats=[[129, -171, -137, -28], [382, 278, 63, -186], [200, 289, 312, -203], [314, 101, -390, 1], [124, -61, 26, -215], [276, 269, 33, 335]]
  start 46: bounded=635 quats=[[129, -171, -137, -28], [382, 278, 63, -186], [200, 289, 312, -203], [314, 101, -389, 1], [124, -61, 26, -215], [276, 269, 33, 335]]
  start 47: bounded=635 quats=[[129, -171, -137, -28], [382, 278, 63, -186], [200, 289, 312, -203], [314, 101, -391, -1], [124, -61, 26, -215], [276, 269, 33, 335]]
  start 48: bounded=635 quats=[[129, -171, -137, -28], [382, 278, 63, -186], [200, 289, 312, -203], [314, 101, -391, 0], [124, -61, 26, -215], [276, 269, 33, 335]]
  start 49: bounded=635 quats=[[129, -171, -137, -28], [382, 278, 63, -186], [200, 289, 312, -203], [314, 101, -391, 2], [124, -61, 26, -215], [276, 269, 33, 335]]
preloaded 8031 memoized evals
== climb 0/50 (start bounded=635) ==
  start 0: local_max after 1 iters, final total=635 by_depth={'0': 1, '1': 118, '2': 214, '3': 164, '4': 102, '5': 36, '6': 1}
== climb 1/50 (start bounded=635) ==
  start 1: local_max after 1 iters, final total=635 by_depth={'0': 1, '1': 118, '2': 214, '3': 164, '4': 102, '5': 36, '6': 1}
== climb 2/50 (start bounded=635) ==
  start 2: local_max after 1 iters, final total=635 by_depth={'0': 1, '1': 118, '2': 214, '3': 164, '4': 102, '5': 36, '6': 1}
== climb 3/50 (start bounded=635) ==
  start 3: local_max after 1 iters, final total=635 by_depth={'0': 1, '1': 118, '2': 214, '3': 164, '4': 102, '5': 36, '6': 1}
== climb 4/50 (start bounded=635) ==
  start 4: local_max after 1 iters, final total=635 by_depth={'0': 1, '1': 118, '2': 214, '3': 164, '4': 102, '5': 36, '6': 1}
== climb 5/50 (start bounded=635) ==
  start 5: local_max after 1 iters, final total=635 by_depth={'0': 1, '1': 118, '2': 214, '3': 164, '4': 102, '5': 36, '6': 1}
== climb 6/50 (start bounded=635) ==
  start 6: local_max after 1 iters, final total=635 by_depth={'0': 1, '1': 118, '2': 214, '3': 164, '4': 102, '5': 36, '6': 1}
== climb 7/50 (start bounded=635) ==
  start 7: local_max after 1 iters, final total=635 by_depth={'0': 1, '1': 118, '2': 214, '3': 164, '4': 102, '5': 36, '6': 1}
== climb 8/50 (start bounded=635) ==
  start 8: local_max after 1 iters, final total=635 by_depth={'0': 1, '1': 118, '2': 214, '3': 164, '4': 102, '5': 36, '6': 1}
== climb 9/50 (start bounded=635) ==
  start 9: local_max after 1 iters, final total=635 by_depth={'0': 1, '1': 118, '2': 214, '3': 164, '4': 102, '5': 36, '6': 1}
== climb 10/50 (start bounded=635) ==
  start 10: local_max after 1 iters, final total=635 by_depth={'0': 1, '1': 118, '2': 214, '3': 164, '4': 102, '5': 36, '6': 1}
== climb 11/50 (start bounded=635) ==
  start 11: local_max after 1 iters, final total=635 by_depth={'0': 1, '1': 118, '2': 214, '3': 164, '4': 102, '5': 36, '6': 1}
== climb 12/50 (start bounded=635) ==
  start 12: local_max after 1 iters, final total=635 by_depth={'0': 1, '1': 118, '2': 214, '3': 164, '4': 102, '5': 36, '6': 1}
== climb 13/50 (start bounded=635) ==
  start 13: local_max after 1 iters, final total=635 by_depth={'0': 1, '1': 118, '2': 214, '3': 164, '4': 102, '5': 36, '6': 1}
== climb 14/50 (start bounded=635) ==
  start 14: local_max after 1 iters, final total=635 by_depth={'0': 1, '1': 118, '2': 214, '3': 164, '4': 102, '5': 36, '6': 1}
== climb 15/50 (start bounded=635) ==
  start 15: local_max after 1 iters, final total=635 by_depth={'0': 1, '1': 118, '2': 214, '3': 164, '4': 102, '5': 36, '6': 1}
== climb 16/50 (start bounded=635) ==
  start 16: local_max after 1 iters, final total=635 by_depth={'0': 1, '1': 118, '2': 214, '3': 164, '4': 102, '5': 36, '6': 1}
== climb 17/50 (start bounded=635) ==
  start 17: local_max after 1 iters, final total=635 by_depth={'0': 1, '1': 118, '2': 214, '3': 164, '4': 102, '5': 36, '6': 1}
== climb 18/50 (start bounded=635) ==
  start 18: local_max after 1 iters, final total=635 by_depth={'0': 1, '1': 118, '2': 214, '3': 164, '4': 102, '5': 36, '6': 1}
== climb 19/50 (start bounded=635) ==
  start 19: local_max after 1 iters, final total=635 by_depth={'0': 1, '1': 118, '2': 214, '3': 164, '4': 102, '5': 36, '6': 1}
== climb 20/50 (start bounded=635) ==
  start 20: local_max after 1 iters, final total=635 by_depth={'0': 1, '1': 118, '2': 214, '3': 164, '4': 102, '5': 36, '6': 1}
== climb 21/50 (start bounded=635) ==
  start 21: local_max after 1 iters, final total=635 by_depth={'0': 1, '1': 118, '2': 214, '3': 164, '4': 102, '5': 36, '6': 1}
== climb 22/50 (start bounded=635) ==
  start 22: local_max after 1 iters, final total=635 by_depth={'0': 1, '1': 118, '2': 214, '3': 164, '4': 102, '5': 36, '6': 1}
== climb 23/50 (start bounded=635) ==
  start 23: local_max after 1 iters, final total=635 by_depth={'0': 1, '1': 118, '2': 214, '3': 164, '4': 102, '5': 36, '6': 1}
== climb 24/50 (start bounded=635) ==
  start 24: local_max after 1 iters, final total=635 by_depth={'0': 1, '1': 118, '2': 214, '3': 164, '4': 102, '5': 36, '6': 1}
== climb 25/50 (start bounded=635) ==
  start 25: local_max after 1 iters, final total=635 by_depth={'0': 1, '1': 118, '2': 214, '3': 164, '4': 102, '5': 36, '6': 1}
== climb 26/50 (start bounded=635) ==
  start 26: local_max after 1 iters, final total=635 by_depth={'0': 1, '1': 118, '2': 214, '3': 164, '4': 102, '5': 36, '6': 1}
== climb 27/50 (start bounded=635) ==
  start 27: local_max after 1 iters, final total=635 by_depth={'0': 1, '1': 118, '2': 214, '3': 164, '4': 102, '5': 36, '6': 1}
== climb 28/50 (start bounded=635) ==
  start 28: local_max after 1 iters, final total=635 by_depth={'0': 1, '1': 118, '2': 214, '3': 164, '4': 102, '5': 36, '6': 1}
== climb 29/50 (start bounded=635) ==
  start 29: local_max after 1 iters, final total=635 by_depth={'0': 1, '1': 118, '2': 214, '3': 164, '4': 102, '5': 36, '6': 1}
== climb 30/50 (start bounded=635) ==
  start 30: local_max after 1 iters, final total=635 by_depth={'0': 1, '1': 118, '2': 214, '3': 164, '4': 102, '5': 36, '6': 1}
== climb 31/50 (start bounded=635) ==
  start 31: local_max after 1 iters, final total=635 by_depth={'0': 1, '1': 118, '2': 214, '3': 164, '4': 102, '5': 36, '6': 1}
== climb 32/50 (start bounded=635) ==
  start 32: local_max after 1 iters, final total=635 by_depth={'0': 1, '1': 118, '2': 214, '3': 164, '4': 102, '5': 36, '6': 1}
== climb 33/50 (start bounded=635) ==
  start 33: local_max after 1 iters, final total=635 by_depth={'0': 1, '1': 118, '2': 214, '3': 164, '4': 102, '5': 36, '6': 1}
== climb 34/50 (start bounded=635) ==
  start 34: local_max after 1 iters, final total=635 by_depth={'0': 1, '1': 118, '2': 214, '3': 164, '4': 102, '5': 36, '6': 1}
== climb 35/50 (start bounded=635) ==
  start 35: local_max after 1 iters, final total=635 by_depth={'0': 1, '1': 118, '2': 214, '3': 164, '4': 102, '5': 36, '6': 1}
== climb 36/50 (start bounded=635) ==
  start 36: local_max after 1 iters, final total=635 by_depth={'0': 1, '1': 118, '2': 214, '3': 164, '4': 102, '5': 36, '6': 1}
== climb 37/50 (start bounded=635) ==
  start 37: local_max after 1 iters, final total=635 by_depth={'0': 1, '1': 118, '2': 214, '3': 164, '4': 102, '5': 36, '6': 1}
== climb 38/50 (start bounded=635) ==
  start 38: local_max after 1 iters, final total=635 by_depth={'0': 1, '1': 118, '2': 214, '3': 164, '4': 102, '5': 36, '6': 1}
== climb 39/50 (start bounded=635) ==
  start 39: local_max after 1 iters, final total=635 by_depth={'0': 1, '1': 118, '2': 214, '3': 164, '4': 102, '5': 36, '6': 1}
== climb 40/50 (start bounded=635) ==
  start 40: local_max after 1 iters, final total=635 by_depth={'0': 1, '1': 118, '2': 214, '3': 164, '4': 102, '5': 36, '6': 1}
== climb 41/50 (start bounded=635) ==
  start 41: local_max after 1 iters, final total=635 by_depth={'0': 1, '1': 118, '2': 214, '3': 164, '4': 102, '5': 36, '6': 1}
== climb 42/50 (start bounded=635) ==
  start 42: local_max after 1 iters, final total=635 by_depth={'0': 1, '1': 118, '2': 214, '3': 164, '4': 102, '5': 36, '6': 1}
== climb 43/50 (start bounded=635) ==
  start 43: local_max after 1 iters, final total=635 by_depth={'0': 1, '1': 118, '2': 214, '3': 164, '4': 102, '5': 36, '6': 1}
== climb 44/50 (start bounded=635) ==
  start 44: local_max after 1 iters, final total=635 by_depth={'0': 1, '1': 118, '2': 214, '3': 164, '4': 102, '5': 36, '6': 1}
== climb 45/50 (start bounded=635) ==
  start 45: local_max after 1 iters, final total=635 by_depth={'0': 1, '1': 118, '2': 214, '3': 164, '4': 102, '5': 36, '6': 1}
== climb 46/50 (start bounded=635) ==
  start 46: local_max after 1 iters, final total=635 by_depth={'0': 1, '1': 118, '2': 214, '3': 164, '4': 102, '5': 36, '6': 1}
== climb 47/50 (start bounded=635) ==
  start 47: local_max after 1 iters, final total=635 by_depth={'0': 1, '1': 118, '2': 214, '3': 164, '4': 102, '5': 36, '6': 1}
== climb 48/50 (start bounded=635) ==
  start 48: local_max after 1 iters, final total=635 by_depth={'0': 1, '1': 118, '2': 214, '3': 164, '4': 102, '5': 36, '6': 1}
== climb 49/50 (start bounded=635) ==
  start 49: local_max after 1 iters, final total=635 by_depth={'0': 1, '1': 118, '2': 214, '3': 164, '4': 102, '5': 36, '6': 1}

=== TASK C SUMMARY ===
climbs run: 50; local_max=50 iter_cap=0 degenerate=0
total NEW evaluations logged: 7906
best total found: 635
best quats: [[129, -171, -137, -28], [382, 278, 63, -186], [200, 289, 312, -203], [314, 101, -391, 1], [124, -61, 26, -215], [276, 269, 33, 335]]
best by_depth: {'0': 1, '1': 118, '2': 214, '3': 164, '4': 102, '5': 36, '6': 1}

per-climb results (idx, start_bounded, final_total, status, iters):
  (0, 635, 635, 'local_max', 1)
  (1, 635, 635, 'local_max', 1)
  (2, 635, 635, 'local_max', 1)
  (3, 635, 635, 'local_max', 1)
  (4, 635, 635, 'local_max', 1)
  (5, 635, 635, 'local_max', 1)
  (6, 635, 635, 'local_max', 1)
  (7, 635, 635, 'local_max', 1)
  (8, 635, 635, 'local_max', 1)
  (9, 635, 635, 'local_max', 1)
  (10, 635, 635, 'local_max', 1)
  (11, 635, 635, 'local_max', 1)
  (12, 635, 635, 'local_max', 1)
  (13, 635, 635, 'local_max', 1)
  (14, 635, 635, 'local_max', 1)
  (15, 635, 635, 'local_max', 1)
  (16, 635, 635, 'local_max', 1)
  (17, 635, 635, 'local_max', 1)
  (18, 635, 635, 'local_max', 1)
  (19, 635, 635, 'local_max', 1)
  (20, 635, 635, 'local_max', 1)
  (21, 635, 635, 'local_max', 1)
  (22, 635, 635, 'local_max', 1)
  (23, 635, 635, 'local_max', 1)
  (24, 635, 635, 'local_max', 1)
  (25, 635, 635, 'local_max', 1)
  (26, 635, 635, 'local_max', 1)
  (27, 635, 635, 'local_max', 1)
  (28, 635, 635, 'local_max', 1)
  (29, 635, 635, 'local_max', 1)
  (30, 635, 635, 'local_max', 1)
  (31, 635, 635, 'local_max', 1)
  (32, 635, 635, 'local_max', 1)
  (33, 635, 635, 'local_max', 1)
  (34, 635, 635, 'local_max', 1)
  (35, 635, 635, 'local_max', 1)
  (36, 635, 635, 'local_max', 1)
  (37, 635, 635, 'local_max', 1)
  (38, 635, 635, 'local_max', 1)
  (39, 635, 635, 'local_max', 1)
  (40, 635, 635, 'local_max', 1)
  (41, 635, 635, 'local_max', 1)
  (42, 635, 635, 'local_max', 1)
  (43, 635, 635, 'local_max', 1)
  (44, 635, 635, 'local_max', 1)
  (45, 635, 635, 'local_max', 1)
  (46, 635, 635, 'local_max', 1)
  (47, 635, 635, 'local_max', 1)
  (48, 635, 635, 'local_max', 1)
  (49, 635, 635, 'local_max', 1)
